0 info it worked if it ends with ok
1 verbose cli [ 'D:\\node\\node.exe',
1 verbose cli   'D:\\node\\node_modules\\npm\\bin\\npm-cli.js',
1 verbose cli   'install',
1 verbose cli   '--save',
1 verbose cli   'jquery' ]
2 info using npm@3.6.0
3 info using node@v5.7.0
4 silly loadCurrentTree Starting
5 silly install loadCurrentTree
6 silly install readLocalPackageData
7 silly fetchPackageMetaData jquery
8 silly fetchNamedPackageData jquery
9 silly mapToRegistry name jquery
10 silly mapToRegistry using default registry
11 silly mapToRegistry registry https://registry.npm.taobao.org/
12 silly mapToRegistry uri https://registry.npm.taobao.org/jquery
13 verbose request uri https://registry.npm.taobao.org/jquery
14 verbose request no auth needed
15 info attempt registry request try #1 at 16:22:54
16 verbose request id 77a64c99c545c500
17 http request GET https://registry.npm.taobao.org/jquery
18 info retry will retry, error on last attempt: Error: unable to verify the first certificate
19 info attempt registry request try #2 at 16:23:04
20 http request GET https://registry.npm.taobao.org/jquery
21 info retry will retry, error on last attempt: Error: unable to verify the first certificate
22 info attempt registry request try #3 at 16:24:04
23 http request GET https://registry.npm.taobao.org/jquery
24 silly fetchPackageMetaData Error: unable to verify the first certificate
24 silly fetchPackageMetaData     at Error (native)
24 silly fetchPackageMetaData     at TLSSocket.<anonymous> (_tls_wrap.js:1061:38)
24 silly fetchPackageMetaData     at emitNone (events.js:80:13)
24 silly fetchPackageMetaData     at TLSSocket.emit (events.js:179:7)
24 silly fetchPackageMetaData     at TLSSocket._init.ssl.onclienthello.ssl.oncertcb.TLSSocket._finishInit (_tls_wrap.js:593:8)
24 silly fetchPackageMetaData     at TLSWrap.ssl.onclienthello.ssl.oncertcb.ssl.onnewsession.ssl.onhandshakedone (_tls_wrap.js:425:38)
24 silly fetchPackageMetaData  error for jquery { [Error: unable to verify the first certificate] code: 'UNABLE_TO_VERIFY_LEAF_SIGNATURE' }
25 silly rollbackFailedOptional Starting
26 silly rollbackFailedOptional Finishing
27 silly runTopLevelLifecycles Starting
28 silly runTopLevelLifecycles Finishing
29 silly install printInstalled
30 verbose stack Error: unable to verify the first certificate
30 verbose stack     at Error (native)
30 verbose stack     at TLSSocket.<anonymous> (_tls_wrap.js:1061:38)
30 verbose stack     at emitNone (events.js:80:13)
30 verbose stack     at TLSSocket.emit (events.js:179:7)
30 verbose stack     at TLSSocket._init.ssl.onclienthello.ssl.oncertcb.TLSSocket._finishInit (_tls_wrap.js:593:8)
30 verbose stack     at TLSWrap.ssl.onclienthello.ssl.oncertcb.ssl.onnewsession.ssl.onhandshakedone (_tls_wrap.js:425:38)
31 verbose cwd E:\毕业班练习代码\09-博学谷\02-git分支\node-basic
32 error Windows_NT 6.1.7601
33 error argv "D:\\node\\node.exe" "D:\\node\\node_modules\\npm\\bin\\npm-cli.js" "install" "--save" "jquery"
34 error node v5.7.0
35 error npm  v3.6.0
36 error code UNABLE_TO_VERIFY_LEAF_SIGNATURE
37 error unable to verify the first certificate
38 error If you need help, you may report this error at:
38 error     <https://github.com/npm/npm/issues>
39 verbose exit [ 1, true ]
